=============== CAMB Processing ===============

 WARNING: nu_mass_degeneracies ignored when share_delta_neff
Om_b h^2             =  0.022600
Om_c h^2             =  0.117540
Om_nu h^2            =  0.000640
Om_Lambda            =  0.712694
Om_K                 =  0.000000
Om_m (1-Om_K-Om_L)   =  0.287306
100 theta (CosmoMC)  =  1.045592
N_eff (total)        =  3.046000
 1 nu, g= 1.0153 m_nu*c^2/k_B/T_nu0=    353.71 (m_nu=  0.060 eV)
Age of universe/GYr  =  13.625
zstar                =  1089.21
r_s(zstar)/Mpc       =  144.91
100*theta            =  1.045891
zdrag                =  1060.12
r_s(zdrag)/Mpc       =  147.50
k_D(zstar) Mpc       =  0.1408
100*theta_D          =  0.161007
z_EQ (if v_nu=1)     =  3348.90
100*theta_EQ         =  0.827287
tau_recomb/Mpc       =  281.91  tau_now/Mpc =  14137.1
 at z =    0.00000000      sigma8 (all matter)=  0.832955718    
