=============== CAMB Processing ===============

 WARNING: nu_mass_degeneracies ignored when share_delta_neff
Om_b h^2             =  0.022600
Om_c h^2             =  0.127200
Om_nu h^2            =  0.000640
Om_Lambda            =  0.692980
Om_K                 = -0.000000
Om_m (1-Om_K-Om_L)   =  0.307020
100 theta (CosmoMC)  =  1.055425
N_eff (total)        =  3.046000
 1 nu, g= 1.0153 m_nu*c^2/k_B/T_nu0=    353.71 (m_nu=  0.060 eV)
Age of universe/GYr  =  13.375
zstar                =  1090.05
r_s(zstar)/Mpc       =  142.46
100*theta            =  1.055705
zdrag                =  1060.81
r_s(zdrag)/Mpc       =  145.00
k_D(zstar) Mpc       =  0.1435
100*theta_D          =  0.162208
z_EQ (if v_nu=1)     =  3579.81
100*theta_EQ         =  0.794637
tau_recomb/Mpc       =  277.14  tau_now/Mpc =  13771.3
 at z =    0.00000000      sigma8 (all matter)=  0.876178145    
