=============== CAMB Processing ===============

 WARNING: nu_mass_degeneracies ignored when share_delta_neff
Om_b h^2             =  0.022600
Om_c h^2             =  0.122300
Om_nu h^2            =  0.000640
Om_Lambda            =  0.702980
Om_K                 =  0.000000
Om_m (1-Om_K-Om_L)   =  0.297020
100 theta (CosmoMC)  =  1.050548
N_eff (total)        =  3.046000
 1 nu, g= 1.0153 m_nu*c^2/k_B/T_nu0=    353.71 (m_nu=  0.060 eV)
Age of universe/GYr  =  13.500
zstar                =  1089.59
r_s(zstar)/Mpc       =  143.69
100*theta            =  1.050860
zdrag                =  1060.47
r_s(zdrag)/Mpc       =  146.25
k_D(zstar) Mpc       =  0.1421
100*theta_D          =  0.161635
z_EQ (if v_nu=1)     =  3462.68
100*theta_EQ         =  0.810751
tau_recomb/Mpc       =  279.51  tau_now/Mpc =  13952.8
 at z =    0.00000000      sigma8 (all matter)=  0.854579568    
