=============== CAMB Processing ===============

 WARNING: nu_mass_degeneracies ignored when share_delta_neff
Om_b h^2             =  0.022600
Om_c h^2             =  0.118000
Om_nu h^2            =  0.000640
Om_Lambda            =  0.711755
Om_K                 = -0.000000
Om_m (1-Om_K-Om_L)   =  0.288245
100 theta (CosmoMC)  =  1.046081
N_eff (total)        =  3.046000
 1 nu, g= 1.0153 m_nu*c^2/k_B/T_nu0=    353.71 (m_nu=  0.060 eV)
Age of universe/GYr  =  13.613
zstar                =  1089.21
r_s(zstar)/Mpc       =  144.80
100*theta            =  1.046405
zdrag                =  1060.16
r_s(zdrag)/Mpc       =  147.38
k_D(zstar) Mpc       =  0.1409
100*theta_D          =  0.161094
z_EQ (if v_nu=1)     =  3359.90
100*theta_EQ         =  0.825649
tau_recomb/Mpc       =  281.62  tau_now/Mpc =  14118.9
 at z =    0.00000000      sigma8 (all matter)=  0.835074306    
