=============== CAMB Processing ===============

 WARNING: nu_mass_degeneracies ignored when share_delta_neff
Om_b h^2             =  0.022600
Om_c h^2             =  0.137000
Om_nu h^2            =  0.000640
Om_Lambda            =  0.672980
Om_K                 = -0.000000
Om_m (1-Om_K-Om_L)   =  0.327020
100 theta (CosmoMC)  =  1.064557
N_eff (total)        =  3.046000
 1 nu, g= 1.0153 m_nu*c^2/k_B/T_nu0=    353.71 (m_nu=  0.060 eV)
Age of universe/GYr  =  13.140
zstar                =  1090.81
r_s(zstar)/Mpc       =  140.12
100*theta            =  1.064859
zdrag                =  1061.46
r_s(zdrag)/Mpc       =  142.61
k_D(zstar) Mpc       =  0.1461
100*theta_D          =  0.163378
z_EQ (if v_nu=1)     =  3814.07
100*theta_EQ         =  0.764873
tau_recomb/Mpc       =  272.44  tau_now/Mpc =  13430.9
 at z =    0.00000000      sigma8 (all matter)=  0.917408347    
